[debug] [2021-09-28T18:49:01.263Z] ----------------------------------------------------------------------
[debug] [2021-09-28T18:49:01.268Z] Command:       C:\Program Files\nodejs\node.exe C:\Program Files\nodejs\node_modules\firebase-tools\lib\bin\firebase.js deploy
[debug] [2021-09-28T18:49:01.269Z] CLI Version:   9.18.0
[debug] [2021-09-28T18:49:01.270Z] Platform:      win32
[debug] [2021-09-28T18:49:01.270Z] Node Version:  v14.18.0
[debug] [2021-09-28T18:49:01.271Z] Time:          Wed Sep 29 2021 01:49:01 GMT+0700 (Indochina Time)
[debug] [2021-09-28T18:49:01.272Z] ----------------------------------------------------------------------
[debug] 
[debug] [2021-09-28T18:49:01.371Z] > command requires scopes: ["email","openid","https://www.googleapis.com/auth/cloudplatformprojects.readonly","https://www.googleapis.com/auth/firebase","https://www.googleapis.com/auth/cloud-platform"]
[debug] [2021-09-28T18:49:01.371Z] > authorizing via signed-in user (miawaugosu@gmail.com)
[debug] [2021-09-28T18:49:01.372Z] [iam] checking project dinastishitpost for permissions ["firebase.projects.get","firebasehosting.sites.update"]
[debug] [2021-09-28T18:49:01.375Z] > refreshing access token with scopes: ["email","https://www.googleapis.com/auth/cloud-platform","https://www.googleapis.com/auth/cloudplatformprojects.readonly","https://www.googleapis.com/auth/firebase","openid"]
[debug] [2021-09-28T18:49:01.376Z] >>> HTTP REQUEST POST https://www.googleapis.com/oauth2/v3/token  
 <request body omitted>
[debug] [2021-09-28T18:49:01.929Z] <<< HTTP RESPONSE 200 {"cache-control":"no-cache, no-store, max-age=0, must-revalidate","pragma":"no-cache","expires":"Mon, 01 Jan 1990 00:00:00 GMT","date":"Tue, 28 Sep 2021 18:49:53 GMT","content-type":"application/json; charset=utf-8","vary":"X-Origin, Referer, Origin,Accept-Encoding","server":"scaffolding on HTTPServer2","x-xss-protection":"0","x-frame-options":"SAMEORIGIN","x-content-type-options":"nosniff","alt-svc":"h3=\":443\"; ma=2592000,h3-29=\":443\"; ma=2592000,h3-T051=\":443\"; ma=2592000,h3-Q050=\":443\"; ma=2592000,h3-Q046=\":443\"; ma=2592000,h3-Q043=\":443\"; ma=2592000,quic=\":443\"; ma=2592000; v=\"46,43\"","accept-ranges":"none","transfer-encoding":"chunked"}
[debug] [2021-09-28T18:49:02.022Z] >>> HTTP REQUEST POST https://cloudresourcemanager.googleapis.com/v1/projects/dinastishitpost:testIamPermissions  
 {"permissions":["firebase.projects.get","firebasehosting.sites.update"]}
[debug] [2021-09-28T18:49:03.628Z] <<< HTTP RESPONSE 200 {"content-type":"application/json; charset=UTF-8","vary":"X-Origin, Referer, Origin,Accept-Encoding","date":"Tue, 28 Sep 2021 18:49:55 GMT","server":"ESF","cache-control":"private","x-xss-protection":"0","x-frame-options":"SAMEORIGIN","x-content-type-options":"nosniff","server-timing":"gfet4t7; dur=991","alt-svc":"h3=\":443\"; ma=2592000,h3-29=\":443\"; ma=2592000,h3-T051=\":443\"; ma=2592000,h3-Q050=\":443\"; ma=2592000,h3-Q046=\":443\"; ma=2592000,h3-Q043=\":443\"; ma=2592000,quic=\":443\"; ma=2592000; v=\"46,43\"","accept-ranges":"none","transfer-encoding":"chunked"}
[debug] [2021-09-28T18:49:03.630Z] > refreshing access token with scopes: []
[debug] [2021-09-28T18:49:03.631Z] >>> HTTP REQUEST POST https://www.googleapis.com/oauth2/v3/token  
 <request body omitted>
[debug] [2021-09-28T18:49:04.206Z] <<< HTTP RESPONSE 200 {"expires":"Mon, 01 Jan 1990 00:00:00 GMT","cache-control":"no-cache, no-store, max-age=0, must-revalidate","pragma":"no-cache","date":"Tue, 28 Sep 2021 18:49:55 GMT","content-type":"application/json; charset=utf-8","vary":"X-Origin, Referer, Origin,Accept-Encoding","server":"scaffolding on HTTPServer2","x-xss-protection":"0","x-frame-options":"SAMEORIGIN","x-content-type-options":"nosniff","alt-svc":"h3=\":443\"; ma=2592000,h3-29=\":443\"; ma=2592000,h3-T051=\":443\"; ma=2592000,h3-Q050=\":443\"; ma=2592000,h3-Q046=\":443\"; ma=2592000,h3-Q043=\":443\"; ma=2592000,quic=\":443\"; ma=2592000; v=\"46,43\"","accept-ranges":"none","transfer-encoding":"chunked"}
[debug] [2021-09-28T18:49:04.297Z] >>> [apiv2][query] GET https://firebase.googleapis.com/v1beta1/projects/dinastishitpost [none]
[debug] [2021-09-28T18:49:05.239Z] <<< [apiv2][status] GET https://firebase.googleapis.com/v1beta1/projects/dinastishitpost 200
[debug] [2021-09-28T18:49:05.240Z] <<< [apiv2][body] GET https://firebase.googleapis.com/v1beta1/projects/dinastishitpost {"projectId":"dinastishitpost","projectNumber":"1053170352499","displayName":"Dinasti Shitpost Indonesia","name":"projects/dinastishitpost","resources":{"hostingSite":"dinastishitpost"},"state":"ACTIVE"}
[info] 
[info] === Deploying to 'dinastishitpost'...
[info] 
[info] i  deploying hosting 
[info] Running command: npm run build
[info] +  hosting: Finished running predeploy script. 
[debug] [2021-09-28T18:49:26.789Z] > refreshing access token with scopes: ["email","https://www.googleapis.com/auth/cloud-platform","https://www.googleapis.com/auth/cloudplatformprojects.readonly","https://www.googleapis.com/auth/firebase","openid"]
[debug] [2021-09-28T18:49:26.790Z] >>> HTTP REQUEST POST https://www.googleapis.com/oauth2/v3/token  
 <request body omitted>
[debug] [2021-09-28T18:49:27.178Z] <<< HTTP RESPONSE 200 {"date":"Tue, 28 Sep 2021 18:50:18 GMT","expires":"Mon, 01 Jan 1990 00:00:00 GMT","pragma":"no-cache","cache-control":"no-cache, no-store, max-age=0, must-revalidate","content-type":"application/json; charset=utf-8","vary":"X-Origin, Referer, Origin,Accept-Encoding","server":"scaffolding on HTTPServer2","x-xss-protection":"0","x-frame-options":"SAMEORIGIN","x-content-type-options":"nosniff","alt-svc":"h3=\":443\"; ma=2592000,h3-29=\":443\"; ma=2592000,h3-T051=\":443\"; ma=2592000,h3-Q050=\":443\"; ma=2592000,h3-Q046=\":443\"; ma=2592000,h3-Q043=\":443\"; ma=2592000,quic=\":443\"; ma=2592000; v=\"46,43\"","accept-ranges":"none","transfer-encoding":"chunked"}
[debug] [2021-09-28T18:49:27.292Z] >>> HTTP REQUEST POST https://firebasehosting.googleapis.com/v1beta1/sites/dinastishitpost/versions  
 {"config":{"rewrites":[{"glob":"**","path":"/index.html"}]},"labels":{"deployment-tool":"cli-firebase"}}
[debug] [2021-09-28T18:49:29.225Z] <<< HTTP RESPONSE 200 {"content-type":"application/json; charset=UTF-8","vary":"X-Origin, Referer, Origin,Accept-Encoding","date":"Tue, 28 Sep 2021 18:50:20 GMT","server":"ESF","cache-control":"private","x-xss-protection":"0","x-frame-options":"SAMEORIGIN","x-content-type-options":"nosniff","alt-svc":"h3=\":443\"; ma=2592000,h3-29=\":443\"; ma=2592000,h3-T051=\":443\"; ma=2592000,h3-Q050=\":443\"; ma=2592000,h3-Q046=\":443\"; ma=2592000,h3-Q043=\":443\"; ma=2592000,quic=\":443\"; ma=2592000; v=\"46,43\"","accept-ranges":"none","transfer-encoding":"chunked"}
[info] i  hosting[dinastishitpost]: beginning deploy... 
[info] i  hosting[dinastishitpost]: found 30 files in build 
[debug] [2021-09-28T18:49:29.269Z] [hosting] hash cache [YnVpbGQ] not populated
[debug] [2021-09-28T18:49:29.498Z] > refreshing access token with scopes: []
[debug] [2021-09-28T18:49:29.499Z] >>> HTTP REQUEST POST https://www.googleapis.com/oauth2/v3/token  
 <request body omitted>
[debug] [2021-09-28T18:49:29.549Z] [hosting] hash cache [YnVpbGQ] stored for 30 files
[debug] [2021-09-28T18:49:29.550Z] [hosting][hash queue][FINAL] {"max":217,"min":83,"avg":126.6,"active":0,"complete":30,"success":30,"errored":0,"retried":0,"total":30,"elapsed":280}
