[debug] [2021-09-27T22:55:29.428Z] ----------------------------------------------------------------------
[debug] [2021-09-27T22:55:29.433Z] Command:       /home/bil1/.nvm/versions/node/v14.17.6/bin/node /home/bil1/.nvm/versions/node/v14.17.6/bin/firebase hosting:channel:deploy dinasti_preview
[debug] [2021-09-27T22:55:29.434Z] CLI Version:   9.18.0
[debug] [2021-09-27T22:55:29.434Z] Platform:      linux
[debug] [2021-09-27T22:55:29.435Z] Node Version:  v14.17.6
[debug] [2021-09-27T22:55:29.463Z] Time:          Mon Sep 27 2021 22:55:29 GMT+0000 (Coordinated Universal Time)
[debug] [2021-09-27T22:55:29.463Z] ----------------------------------------------------------------------
[debug] 
[debug] [2021-09-27T22:55:29.625Z] > command requires scopes: ["email","openid","https://www.googleapis.com/auth/cloudplatformprojects.readonly","https://www.googleapis.com/auth/firebase","https://www.googleapis.com/auth/cloud-platform"]
[debug] [2021-09-27T22:55:29.626Z] > authorizing via signed-in user (miawaugosu@gmail.com)
[debug] [2021-09-27T22:55:29.627Z] [iam] checking project dinastishitpost for permissions ["firebase.projects.get","firebasehosting.sites.update"]
[debug] [2021-09-27T22:55:29.632Z] >>> HTTP REQUEST POST https://cloudresourcemanager.googleapis.com/v1/projects/dinastishitpost:testIamPermissions  
 {"permissions":["firebase.projects.get","firebasehosting.sites.update"]}
[debug] [2021-09-27T22:55:38.156Z] <<< HTTP RESPONSE 200 {"content-type":"application/json; charset=UTF-8","vary":"X-Origin, Referer, Origin,Accept-Encoding","date":"Mon, 27 Sep 2021 22:55:38 GMT","server":"ESF","cache-control":"private","x-xss-protection":"0","x-frame-options":"SAMEORIGIN","x-content-type-options":"nosniff","server-timing":"gfet4t7; dur=958","alt-svc":"h3=\":443\"; ma=2592000,h3-29=\":443\"; ma=2592000,h3-T051=\":443\"; ma=2592000,h3-Q050=\":443\"; ma=2592000,h3-Q046=\":443\"; ma=2592000,h3-Q043=\":443\"; ma=2592000,quic=\":443\"; ma=2592000; v=\"46,43\"","accept-ranges":"none","transfer-encoding":"chunked"}
[debug] [2021-09-27T22:55:38.167Z] > refreshing access token with scopes: []
[debug] [2021-09-27T22:55:38.168Z] >>> HTTP REQUEST POST https://www.googleapis.com/oauth2/v3/token  
 <request body omitted>
[debug] [2021-09-27T22:55:38.842Z] <<< HTTP RESPONSE 200 {"expires":"Mon, 01 Jan 1990 00:00:00 GMT","pragma":"no-cache","cache-control":"no-cache, no-store, max-age=0, must-revalidate","date":"Mon, 27 Sep 2021 22:55:38 GMT","content-type":"application/json; charset=utf-8","vary":"X-Origin, Referer, Origin,Accept-Encoding","server":"scaffolding on HTTPServer2","x-xss-protection":"0","x-frame-options":"SAMEORIGIN","x-content-type-options":"nosniff","alt-svc":"h3=\":443\"; ma=2592000,h3-29=\":443\"; ma=2592000,h3-T051=\":443\"; ma=2592000,h3-Q050=\":443\"; ma=2592000,h3-Q046=\":443\"; ma=2592000,h3-Q043=\":443\"; ma=2592000,quic=\":443\"; ma=2592000; v=\"46,43\"","accept-ranges":"none","transfer-encoding":"chunked"}
[debug] [2021-09-27T22:55:38.888Z] >>> [apiv2][query] GET https://firebase.googleapis.com/v1beta1/projects/dinastishitpost [none]
[debug] [2021-09-27T22:55:39.744Z] <<< [apiv2][status] GET https://firebase.googleapis.com/v1beta1/projects/dinastishitpost 200
[debug] [2021-09-27T22:55:39.746Z] <<< [apiv2][body] GET https://firebase.googleapis.com/v1beta1/projects/dinastishitpost {"projectId":"dinastishitpost","projectNumber":"1053170352499","displayName":"Dinasti Shitpost Indonesia","name":"projects/dinastishitpost","resources":{"hostingSite":"dinastishitpost"},"state":"ACTIVE"}
[debug] [2021-09-27T22:55:39.755Z] >>> [apiv2][query] GET https://firebasehosting.googleapis.com/v1beta1/projects/dinastishitpost/sites/dinastishitpost/channels/dinasti-preview [none]
[debug] [2021-09-27T22:55:41.865Z] <<< [apiv2][status] GET https://firebasehosting.googleapis.com/v1beta1/projects/dinastishitpost/sites/dinastishitpost/channels/dinasti-preview 404
[debug] [2021-09-27T22:55:41.866Z] <<< [apiv2][body] GET https://firebasehosting.googleapis.com/v1beta1/projects/dinastishitpost/sites/dinastishitpost/channels/dinasti-preview {"error":{"code":404,"message":"Requested entity was not found.","status":"NOT_FOUND"}}
[debug] [2021-09-27T22:55:41.869Z] >>> [apiv2][query] POST https://firebasehosting.googleapis.com/v1beta1/projects/dinastishitpost/sites/dinastishitpost/channels?channelId=dinasti-preview [none]
[debug] [2021-09-27T22:55:41.870Z] >>> [apiv2][body] POST https://firebasehosting.googleapis.com/v1beta1/projects/dinastishitpost/sites/dinastishitpost/channels?channelId=dinasti-preview {"ttl":"604800s"}
[debug] [2021-09-27T22:55:44.617Z] <<< [apiv2][status] POST https://firebasehosting.googleapis.com/v1beta1/projects/dinastishitpost/sites/dinastishitpost/channels?channelId=dinasti-preview 200
[debug] [2021-09-27T22:55:44.618Z] <<< [apiv2][body] POST https://firebasehosting.googleapis.com/v1beta1/projects/dinastishitpost/sites/dinastishitpost/channels?channelId=dinasti-preview {"name":"projects/1053170352499/sites/dinastishitpost/channels/dinasti-preview","url":"https://dinastishitpost--dinasti-preview-btffbi3y.web.app","createTime":"2021-09-27T22:55:44.545583940Z","updateTime":"2021-09-27T22:55:44.545583940Z","retainedReleaseCount":10,"expireTime":"2021-10-04T22:55:44.545583940Z"}
[debug] [2021-09-27T22:55:44.618Z] [hosting] created new channnel for site dinastishitpost {"name":"projects/1053170352499/sites/dinastishitpost/channels/dinasti-preview","url":"https://dinastishitpost--dinasti-preview-btffbi3y.web.app","createTime":"2021-09-27T22:55:44.545583940Z","updateTime":"2021-09-27T22:55:44.545583940Z","retainedReleaseCount":10,"expireTime":"2021-10-04T22:55:44.545583940Z"}
[info] ✔  hosting:channel: Channel dinasti-preview has been created on site dinastishitpost. 
[info] 
[info] === Deploying to 'dinastishitpost'...
[info] 
[info] i  deploying hosting 
[info] Running command: npm run build
[error] 
[error] Error: hosting predeploy error: Command terminated with non-zero exit code1
